Using NBIA CLI: /opt/nbia-data-retriever/nbia-data-retriever
Manifest directory: /home/smudoshi/Github/Aurora/dicom/tcia_manifests
Download root: /media/smudoshi/DATA/TCIA-downloads
Selected phase: phase1

Verifying TCIA manifests in /home/smudoshi/Github/Aurora/dicom/tcia_manifests
Phase: phase1

WARN  CPTAC-PDA: unexpected mime type inode/symlink
PASS  CPTAC-PDA: /home/smudoshi/Github/Aurora/dicom/tcia_manifests/CPTAC-PDA.tcia
WARN  PSMA-PET-CT-Lesions: unexpected mime type inode/symlink
PASS  PSMA-PET-CT-Lesions: /home/smudoshi/Github/Aurora/dicom/tcia_manifests/PSMA-PET-CT-Lesions.tcia
WARN  NSCLC-Radiomics: unexpected mime type inode/symlink
PASS  NSCLC-Radiomics: /home/smudoshi/Github/Aurora/dicom/tcia_manifests/NSCLC-Radiomics.tcia
WARN  HCC-TACE-Seg: unexpected mime type inode/symlink
PASS  HCC-TACE-Seg: /home/smudoshi/Github/Aurora/dicom/tcia_manifests/HCC-TACE-Seg.tcia

All requested manifests passed basic verification.
Starting CPTAC-PDA
  manifest: /home/smudoshi/Github/Aurora/dicom/tcia_manifests/CPTAC-PDA.tcia
  target:   /media/smudoshi/DATA/TCIA-downloads/CPTAC-PDA
The download log can be found at /media/smudoshi/DATA/TCIA-downloads/CPTAC-PDA/NBIADataRetrieverCLI-20261022041005.log
2026-03-22 16:10:05: INFO: Using manifiest file: /home/smudoshi/Github/Aurora/dicom/tcia_manifests/CPTAC-PDA.tcia

2026-03-22 16:10:05: INFO: Running with option: quiet = false; verbose = true; force = true

2026-03-22 16:10:05: INFO: The type of data downloading is DICOM

Data Usage Policy

Any user accessing TCIA data must agree to:
- Not use the requested datasets, either alone or in concert with any other information, to identify or contact individual participants from whom data and/or samples were collected and follow all other conditions specified in the TCIA Site Disclaimer. Approved Users also agree not to generate and use information (e.g., facial images or comparable representations) in a manner that could allow the identities of research participants to be readily ascertained. These provisions do not apply to research investigators operating with specific IRB approval, pursuant to 45 CFR 46, to contact individuals within datasets or to obtain and use identifying information under an IRB-approved research protocol. All investigators including any Approved User conducting “human subjects research” within the scope of 45 CFR 46 must comply with the requirements contained therein.

- Acknowledge in all oral or written presentations, disclosures, or publications the specific dataset(s) or applicable accession number(s) and the NIH-designated data repositories through which the investigator accessed any data. Citation guidelines for doing this are outlined below.

- If you are considering mirroring a copy of our publicly available datasets or providing direct access to any of the TCIA data via another tool or website using the REST API (https://wiki.cancerimagingarchive.net/x/NIIiAQ) please review our Data Analysis Centers (DACs) page (https://wiki.cancerimagingarchive.net/x/x49XAQ) for more information. DACs must provide attribution and links back to this TCIA data use policy and must require downstream users to do the same.

The summary page for every TCIA dataset includes a Citations & Data Usage Policy tab.  Please consult the Citation & Data Usage Policy for each Collection before using them.  
- Most data are freely available to browse, download, and use for commercial, scientific and educational purposes as outlined in the Creative Commons Attribution 3.0 Unported License or the Creative Commons Attribution 4.0 International License.  In rare circumstances commercial use may be prohibited using Attribution-NonCommercial 3.0 Unported (CC BY-NC 3.0) or Creative Commons Attribution-NonCommercial 4.0 International (CC BY-NC 4.0). 

- Most data are immediately accessible and do not require account registration.  A small subset of collections do require registration and special permission to gain access. Refer to the "Access" column on https://www.cancerimagingarchive.net/collections/ for more details.
Do you agree with the Data Usage Agreement? (Y/N)
nbia-data-retriever Error invoking method.
nbia-data-retriever Failed to launch JVM

